\BOOKMARK [1][-]{section.1}{Introduction and motivation}{}% 1
\BOOKMARK [1][-]{section.2}{Security schemes for cloud database services}{}% 2
\BOOKMARK [1][-]{section.3}{System models and assumptions}{}% 3
\BOOKMARK [2][-]{subsection.3.1}{Basic concepts}{section.3}% 4
\BOOKMARK [2][-]{subsection.3.2}{The threat model}{section.3}% 5
\BOOKMARK [2][-]{subsection.3.3}{The risk model}{section.3}% 6
\BOOKMARK [2][-]{subsection.3.4}{Query integrity verification}{section.3}% 7
\BOOKMARK [1][-]{section.4}{DBaaS information leakage management}{}% 8
\BOOKMARK [2][-]{subsection.4.1}{Attribute correlation leakage prevention with disinformation}{section.4}% 9
\BOOKMARK [3][-]{subsubsection.4.1.1}{Explicit correlation}{subsection.4.1}% 10
\BOOKMARK [3][-]{subsubsection.4.1.2}{Implicit correlation}{subsection.4.1}% 11
\BOOKMARK [2][-]{subsection.4.2}{Performance cost and mitigations of disinformation}{section.4}% 12
\BOOKMARK [2][-]{subsection.4.3}{Results and discussion}{section.4}% 13
\BOOKMARK [1][-]{section.5}{Approximate query processing}{}% 14
\BOOKMARK [2][-]{subsection.5.1}{Error bounds}{section.5}% 15
\BOOKMARK [2][-]{subsection.5.2}{Sampling methods}{section.5}% 16
\BOOKMARK [2][-]{subsection.5.3}{Results and discussion}{section.5}% 17
\BOOKMARK [3][-]{subsubsection.5.3.1}{Experimental setup:}{subsection.5.3}% 18
\BOOKMARK [3][-]{subsubsection.5.3.2}{AQP based sensitivity analysis}{subsection.5.3}% 19
\BOOKMARK [3][-]{subsubsection.5.3.3}{Discussion}{subsection.5.3}% 20
\BOOKMARK [1][-]{section.6}{Cross-correlation in DBaaS warehouse}{}% 21
\BOOKMARK [2][-]{subsection.6.1}{Cross-correlation size estimation}{section.6}% 22
\BOOKMARK [2][-]{subsection.6.2}{Performance evaluation and experiments}{section.6}% 23
\BOOKMARK [1][-]{section.7}{Conclusions and future work}{}% 24
\BOOKMARK [1][-]{section*.22}{Appendices}{}% 25
\BOOKMARK [1][-]{Appendix.a.A}{Appendix Leakage quantify algorithms}{}% 26
\BOOKMARK [1][-]{Appendix.a.B}{Appendix Metric for explicit information leakage}{}% 27
\BOOKMARK [1][-]{Appendix.a.C}{Appendix Metric for implicit information leakage}{}% 28
